This is XeTeX, Version 3.1415926-2.5-0.9999.3 (TeX Live 2013/Debian) (format=xelatex 2014.2.25)  25 MAR 2014 12:48
entering extended mode
 restricted \write18 enabled.
 %&-line parsing enabled.
**spine.tex
(./spine.tex
LaTeX2e <2011/06/27>
Babel <3.9f> and hyphenation patterns for 78 languages loaded.
(/usr/share/texlive/texmf-dist/tex/latex/base/article.cls
Document Class: article 2007/10/19 v1.4h Standard LaTeX document class
(/usr/share/texlive/texmf-dist/tex/latex/base/size10.clo
File: size10.clo 2007/10/19 v1.4h Standard LaTeX file (size option)
)
\c@part=\count80
\c@section=\count81
\c@subsection=\count82
\c@subsubsection=\count83
\c@paragraph=\count84
\c@subparagraph=\count85
\c@figure=\count86
\c@table=\count87
\abovecaptionskip=\skip41
\belowcaptionskip=\skip42
\bibindent=\dimen102
)
(/usr/share/texlive/texmf-dist/tex/latex/geometry/geometry.sty
Package: geometry 2010/09/12 v5.6 Page Geometry

(/usr/share/texlive/texmf-dist/tex/latex/graphics/keyval.sty
Package: keyval 1999/03/16 v1.13 key=value parser (DPC)
\KV@toks@=\toks14
)
(/usr/share/texlive/texmf-dist/tex/generic/oberdiek/ifpdf.sty
Package: ifpdf 2011/01/30 v2.3 Provides the ifpdf switch (HO)
Package ifpdf Info: pdfTeX in PDF mode is not detected.
)
(/usr/share/texlive/texmf-dist/tex/generic/oberdiek/ifvtex.sty
Package: ifvtex 2010/03/01 v1.5 Detect VTeX and its facilities (HO)
Package ifvtex Info: VTeX not detected.
)
(/usr/share/texlive/texmf-dist/tex/generic/ifxetex/ifxetex.sty
Package: ifxetex 2010/09/12 v0.6 Provides ifxetex conditional
)
\Gm@cnth=\count88
\Gm@cntv=\count89
\c@Gm@tempcnt=\count90
\Gm@bindingoffset=\dimen103
\Gm@wd@mp=\dimen104
\Gm@odd@mp=\dimen105
\Gm@even@mp=\dimen106
\Gm@layoutwidth=\dimen107
\Gm@layoutheight=\dimen108
\Gm@layouthoffset=\dimen109
\Gm@layoutvoffset=\dimen110
\Gm@dimlist=\toks15
)
(/usr/share/texlive/texmf-dist/tex/latex/hyperref/hyperref.sty
Package: hyperref 2012/11/06 v6.83m Hypertext links for LaTeX

(/usr/share/texlive/texmf-dist/tex/generic/oberdiek/hobsub-hyperref.sty
Package: hobsub-hyperref 2012/05/28 v1.13 Bundle oberdiek, subset hyperref (HO)


(/usr/share/texlive/texmf-dist/tex/generic/oberdiek/hobsub-generic.sty
Package: hobsub-generic 2012/05/28 v1.13 Bundle oberdiek, subset generic (HO)
Package: hobsub 2012/05/28 v1.13 Construct package bundles (HO)
Package: infwarerr 2010/04/08 v1.3 Providing info/warning/error messages (HO)
Package: ltxcmds 2011/11/09 v1.22 LaTeX kernel commands for general use (HO)
Package: ifluatex 2010/03/01 v1.3 Provides the ifluatex switch (HO)
Package ifluatex Info: LuaTeX not detected.
Package hobsub Info: Skipping package `ifvtex' (already loaded).
Package: intcalc 2007/09/27 v1.1 Expandable calculations with integers (HO)
Package hobsub Info: Skipping package `ifpdf' (already loaded).
Package: etexcmds 2011/02/16 v1.5 Avoid name clashes with e-TeX commands (HO)
Package etexcmds Info: Could not find \expanded.
(etexcmds)             That can mean that you are not using pdfTeX 1.50 or
(etexcmds)             that some package has redefined \expanded.
(etexcmds)             In the latter case, load this package earlier.
Package: kvsetkeys 2012/04/25 v1.16 Key value parser (HO)
Package: kvdefinekeys 2011/04/07 v1.3 Define keys (HO)
Package: pdftexcmds 2011/11/29 v0.20 Utility functions of pdfTeX for LuaTeX (HO
)
Package pdftexcmds Info: LuaTeX not detected.
Package pdftexcmds Info: pdfTeX >= 1.30 not detected.
Package pdftexcmds Info: \pdf@primitive is available.
Package pdftexcmds Info: \pdf@ifprimitive is available.
Package pdftexcmds Info: \pdfdraftmode not found.
Package: pdfescape 2011/11/25 v1.13 Implements pdfTeX's escape features (HO)
Package: bigintcalc 2012/04/08 v1.3 Expandable calculations on big integers (HO
)
Package: bitset 2011/01/30 v1.1 Handle bit-vector datatype (HO)
Package: uniquecounter 2011/01/30 v1.2 Provide unlimited unique counter (HO)
)
Package hobsub Info: Skipping package `hobsub' (already loaded).
Package: letltxmacro 2010/09/02 v1.4 Let assignment for LaTeX macros (HO)
Package: hopatch 2012/05/28 v1.2 Wrapper for package hooks (HO)
Package: xcolor-patch 2011/01/30 xcolor patch
Package: atveryend 2011/06/30 v1.8 Hooks at the very end of document (HO)
Package atveryend Info: \enddocument detected (standard20110627).
Package: atbegshi 2011/10/05 v1.16 At begin shipout hook (HO)
Package: refcount 2011/10/16 v3.4 Data extraction from label references (HO)
Package: hycolor 2011/01/30 v1.7 Color options for hyperref/bookmark (HO)
)
(/usr/share/texlive/texmf-dist/tex/latex/oberdiek/auxhook.sty
Package: auxhook 2011/03/04 v1.3 Hooks for auxiliary files (HO)
)
(/usr/share/texlive/texmf-dist/tex/latex/oberdiek/kvoptions.sty
Package: kvoptions 2011/06/30 v3.11 Key value format for package options (HO)
)
\@linkdim=\dimen111
\Hy@linkcounter=\count91
\Hy@pagecounter=\count92

(/usr/share/texlive/texmf-dist/tex/latex/hyperref/pd1enc.def
File: pd1enc.def 2012/11/06 v6.83m Hyperref: PDFDocEncoding definition (HO)
)
\Hy@SavedSpaceFactor=\count93

(/usr/share/texlive/texmf-dist/tex/latex/latexconfig/hyperref.cfg
File: hyperref.cfg 2002/06/06 v1.2 hyperref configuration of TeXLive
)
Package hyperref Info: Hyper figures OFF on input line 4443.
Package hyperref Info: Link nesting OFF on input line 4448.
Package hyperref Info: Hyper index ON on input line 4451.
Package hyperref Info: Plain pages OFF on input line 4458.
Package hyperref Info: Backreferencing OFF on input line 4463.
Package hyperref Info: Implicit mode ON; LaTeX internals redefined.
Package hyperref Info: Bookmarks ON on input line 4688.
\c@Hy@tempcnt=\count94

(/usr/share/texlive/texmf-dist/tex/latex/url/url.sty
\Urlmuskip=\muskip10
Package: url 2006/04/12  ver 3.3  Verb mode for urls, etc.
)
LaTeX Info: Redefining \url on input line 5041.
\XeTeXLinkMargin=\dimen112
\Fld@menulength=\count95
\Field@Width=\dimen113
\Fld@charsize=\dimen114
Package hyperref Info: Hyper figures OFF on input line 6295.
Package hyperref Info: Link nesting OFF on input line 6300.
Package hyperref Info: Hyper index ON on input line 6303.
Package hyperref Info: backreferencing OFF on input line 6310.
Package hyperref Info: Link coloring OFF on input line 6315.
Package hyperref Info: Link coloring with OCG OFF on input line 6320.
Package hyperref Info: PDF/A mode OFF on input line 6325.
LaTeX Info: Redefining \ref on input line 6365.
LaTeX Info: Redefining \pageref on input line 6369.
\Hy@abspage=\count96
\c@Item=\count97
\c@Hfootnote=\count98
)

Package hyperref Message: Driver (autodetected): hxetex.

(/usr/share/texlive/texmf-dist/tex/latex/hyperref/hxetex.def
File: hxetex.def 2012/11/06 v6.83m Hyperref driver for XeTeX

(/usr/share/texlive/texmf-dist/tex/latex/hyperref/puenc.def
File: puenc.def 2012/11/06 v6.83m Hyperref: PDF Unicode definition (HO)
)
(/usr/share/texlive/texmf-dist/tex/generic/oberdiek/stringenc.sty
Package: stringenc 2011/12/02 v1.10 Convert strings between diff. encodings (HO
)
)
\pdfm@box=\box26
\c@Hy@AnnotLevel=\count99
\HyField@AnnotCount=\count100
\Fld@listcount=\count101
\c@bookmark@seq@number=\count102

(/usr/share/texlive/texmf-dist/tex/latex/oberdiek/rerunfilecheck.sty
Package: rerunfilecheck 2011/04/15 v1.7 Rerun checks for auxiliary files (HO)
Package rerunfilecheck Info: Feature \pdfmdfivesum is not available
(rerunfilecheck)             (e.g. pdfTeX or LuaTeX with package `pdftexcmds').

(rerunfilecheck)             Therefore file contents cannot be checked efficien
tly
(rerunfilecheck)             and the loading of the package is aborted.
)
\Hy@SectionHShift=\skip43
)
(/usr/share/texlive/texmf-dist/tex/latex/graphics/graphicx.sty
Package: graphicx 1999/02/16 v1.0f Enhanced LaTeX Graphics (DPC,SPQR)

(/usr/share/texlive/texmf-dist/tex/latex/graphics/graphics.sty
Package: graphics 2009/02/05 v1.0o Standard LaTeX Graphics (DPC,SPQR)

(/usr/share/texlive/texmf-dist/tex/latex/graphics/trig.sty
Package: trig 1999/03/16 v1.09 sin cos tan (DPC)
)
(/usr/share/texlive/texmf-dist/tex/latex/latexconfig/graphics.cfg
File: graphics.cfg 2010/04/23 v1.9 graphics configuration of TeX Live
)
Package graphics Info: Driver file: xetex.def on input line 91.

(/usr/share/texlive/texmf-dist/tex/xelatex/xetex-def/xetex.def
File: xetex.def 2013/04/29 v0.96 LaTeX color/graphics driver for XeTeX (RRM/JK)

))
\Gin@req@height=\dimen115
\Gin@req@width=\dimen116
)
(/usr/share/texlive/texmf-dist/tex/latex/pdfpages/pdfpages.sty
Package: pdfpages 2013/05/30 v0.4u Insert pages of external PDF documents (AM)

(/usr/share/texlive/texmf-dist/tex/latex/base/ifthen.sty
Package: ifthen 2001/05/26 v1.1c Standard LaTeX ifthen package (DPC)
)
(/usr/share/texlive/texmf-dist/tex/latex/tools/calc.sty
Package: calc 2007/08/22 v4.3 Infix arithmetic (KKT,FJ)
\calc@Acount=\count103
\calc@Bcount=\count104
\calc@Adimen=\dimen117
\calc@Bdimen=\dimen118
\calc@Askip=\skip44
\calc@Bskip=\skip45
LaTeX Info: Redefining \setlength on input line 76.
LaTeX Info: Redefining \addtolength on input line 77.
\calc@Ccount=\count105
\calc@Cskip=\skip46
)
(/usr/share/texlive/texmf-dist/tex/latex/eso-pic/eso-pic.sty
Package: eso-pic 2010/10/06 v2.0c eso-pic (RN)

(/usr/share/texmf/tex/latex/xcolor/xcolor.sty
Package: xcolor 2007/01/21 v2.11 LaTeX color extensions (UK)

(/usr/share/texlive/texmf-dist/tex/latex/latexconfig/color.cfg
File: color.cfg 2007/01/18 v1.5 color configuration of teTeX/TeXLive
)
Package xcolor Info: Driver file: xetex.def on input line 225.
Package xcolor Info: Model `cmy' substituted by `cmy0' on input line 1337.
Package xcolor Info: Model `RGB' extended on input line 1353.
Package xcolor Info: Model `HTML' substituted by `rgb' on input line 1355.
Package xcolor Info: Model `Hsb' substituted by `hsb' on input line 1356.
Package xcolor Info: Model `tHsb' substituted by `hsb' on input line 1357.
Package xcolor Info: Model `HSB' substituted by `hsb' on input line 1358.
Package xcolor Info: Model `Gray' substituted by `gray' on input line 1359.
Package xcolor Info: Model `wave' substituted by `hsb' on input line 1360.
))
(/usr/share/texlive/texmf-dist/tex/latex/pdfpages/ppxetex.def
File: ppxetex.def 2013/05/30 v0.4u Pdfpages driver for XeTeX (AM)
)
\AM@pagebox=\box27
\AM@toc@title=\toks16
\c@AM@survey=\count106
\AM@templatesizebox=\box28
)
(/usr/share/texlive/texmf-dist/tex/xelatex/xunicode/xunicode.sty
File: xunicode.sty 2011/09/09 v0.981 provides access to latin accents and many 
other characters in Unicode lower plane

(/usr/share/texmf/tex/latex/tipa/t3enc.def
File: t3enc.def 2001/12/31 T3 encoding
)
\tipaTiiicode=\count107
\tipasavetokens=\toks17
\tipachecktokens=\toks18
)
(/usr/share/texlive/texmf-dist/tex/latex/xltxtra/xltxtra.sty
Package: xltxtra 2010/09/20 v0.5e Improvements for the "XeLaTeX" format

(/usr/share/texlive/texmf-dist/tex/latex/fontspec/fontspec.sty
Package: fontspec 2013/05/20 v2.3c Font selection for XeLaTeX and LuaLaTeX

(/usr/share/texlive/texmf-dist/tex/latex/l3kernel/expl3.sty
(/usr/share/texlive/texmf-dist/tex/latex/l3kernel/l3names.sty
(/usr/share/texlive/texmf-dist/tex/latex/l3kernel/l3bootstrap.sty
Package: l3bootstrap 2013/01/08 v4420 L3 Experimental bootstrap code
)
Package: l3names 2012/12/07 v4346 L3 Namespace for primitives
)
(/usr/share/texlive/texmf-dist/tex/latex/etex-pkg/etex.sty
Package: etex 1998/03/26 v2.0 eTeX basic definition package (PEB)
\et@xins=\count108
)
Package: expl3 2013/07/12 v4544 L3 Experimental code bundle wrapper

(/usr/share/texlive/texmf-dist/tex/latex/l3kernel/l3basics.sty
Package: l3basics 2013/07/09 v4521 L3 Basic definitions
)
(/usr/share/texlive/texmf-dist/tex/latex/l3kernel/l3expan.sty
Package: l3expan 2013/07/09 v4521 L3 Argument expansion
)
(/usr/share/texlive/texmf-dist/tex/latex/l3kernel/l3tl.sty
Package: l3tl 2013/04/24 v4482 L3 Token lists
)
(/usr/share/texlive/texmf-dist/tex/latex/l3kernel/l3seq.sty
Package: l3seq 2013/05/26 v4500 L3 Sequences and stacks
)
(/usr/share/texlive/texmf-dist/tex/latex/l3kernel/l3int.sty
Package: l3int 2013/04/24 v4482 L3 Integers
\c_max_int=\count109
\l_tmpa_int=\count110
\l_tmpb_int=\count111
\g_tmpa_int=\count112
\g_tmpb_int=\count113
)
(/usr/share/texlive/texmf-dist/tex/latex/l3kernel/l3quark.sty
Package: l3quark 2013/07/09 v4521 L3 Quarks
)
(/usr/share/texlive/texmf-dist/tex/latex/l3kernel/l3prg.sty
Package: l3prg 2013/04/24 v4482 L3 Control structures
\g__prg_map_int=\count114
)
(/usr/share/texlive/texmf-dist/tex/latex/l3kernel/l3clist.sty
Package: l3clist 2013/05/26 v4500 L3 Comma separated lists
)
(/usr/share/texlive/texmf-dist/tex/latex/l3kernel/l3token.sty
Package: l3token 2013/04/24 v4482 L3 Experimental token manipulation
)
(/usr/share/texlive/texmf-dist/tex/latex/l3kernel/l3prop.sty
Package: l3prop 2013/01/09 v4423 L3 Property lists
)
(/usr/share/texlive/texmf-dist/tex/latex/l3kernel/l3msg.sty
Package: l3msg 2013/01/08 v4412 L3 Messages
)
(/usr/share/texlive/texmf-dist/tex/latex/l3kernel/l3file.sty
Package: l3file 2013/05/01 v4483 L3 File and I/O operations
\l_iow_line_count_int=\count115
\l__iow_target_count_int=\count116
\l__iow_current_line_int=\count117
\l__iow_current_word_int=\count118
\l__iow_current_indentation_int=\count119
)
(/usr/share/texlive/texmf-dist/tex/latex/l3kernel/l3skip.sty
Package: l3skip 2013/01/13 v4444 L3 Dimensions and skips
\c_zero_dim=\dimen119
\c_max_dim=\dimen120
\l_tmpa_dim=\dimen121
\l_tmpb_dim=\dimen122
\g_tmpa_dim=\dimen123
\g_tmpb_dim=\dimen124
\c_zero_skip=\skip47
\c_max_skip=\skip48
\l_tmpa_skip=\skip49
\l_tmpb_skip=\skip50
\g_tmpa_skip=\skip51
\g_tmpb_skip=\skip52
\c_zero_muskip=\muskip11
\c_max_muskip=\muskip12
\l_tmpa_muskip=\muskip13
\l_tmpb_muskip=\muskip14
\g_tmpa_muskip=\muskip15
\g_tmpb_muskip=\muskip16
)
(/usr/share/texlive/texmf-dist/tex/latex/l3kernel/l3keys.sty
Package: l3keys 2013/07/12 v4544 L3 Experimental key-value interfaces
\g__keyval_level_int=\count120
\l_keys_choice_int=\count121
)
(/usr/share/texlive/texmf-dist/tex/latex/l3kernel/l3fp.sty
Package: l3fp 2013/07/09 v4521 L3 Floating points
\c__fp_leading_shift_int=\count122
\c__fp_middle_shift_int=\count123
\c__fp_trailing_shift_int=\count124
\c__fp_big_leading_shift_int=\count125
\c__fp_big_middle_shift_int=\count126
\c__fp_big_trailing_shift_int=\count127
\c__fp_Bigg_leading_shift_int=\count128
\c__fp_Bigg_middle_shift_int=\count129
\c__fp_Bigg_trailing_shift_int=\count130
)
(/usr/share/texlive/texmf-dist/tex/latex/l3kernel/l3box.sty
Package: l3box 2013/04/24 v4482 L3 Experimental boxes
\c_empty_box=\box29
\l_tmpa_box=\box30
\l_tmpb_box=\box31
\g_tmpa_box=\box32
\g_tmpb_box=\box33
)
(/usr/share/texlive/texmf-dist/tex/latex/l3kernel/l3coffins.sty
Package: l3coffins 2012/09/09 v4212 L3 Coffin code layer
\l__coffin_internal_box=\box34
\l__coffin_internal_dim=\dimen125
\l__coffin_offset_x_dim=\dimen126
\l__coffin_offset_y_dim=\dimen127
\l__coffin_x_dim=\dimen128
\l__coffin_y_dim=\dimen129
\l__coffin_x_prime_dim=\dimen130
\l__coffin_y_prime_dim=\dimen131
\c_empty_coffin=\box35
\l__coffin_aligned_coffin=\box36
\l__coffin_aligned_internal_coffin=\box37
\l_tmpa_coffin=\box38
\l_tmpb_coffin=\box39
\l__coffin_display_coffin=\box40
\l__coffin_display_coord_coffin=\box41
\l__coffin_display_pole_coffin=\box42
\l__coffin_display_offset_dim=\dimen132
\l__coffin_display_x_dim=\dimen133
\l__coffin_display_y_dim=\dimen134
)
(/usr/share/texlive/texmf-dist/tex/latex/l3kernel/l3color.sty
Package: l3color 2012/08/29 v4156 L3 Experimental color support
)
(/usr/share/texlive/texmf-dist/tex/latex/l3kernel/l3luatex.sty
Package: l3luatex 2012/08/03 v4049 L3 Experimental LuaTeX-specific functions
\g__cctab_allocate_int=\count131
\g__cctab_stack_int=\count132
)
(/usr/share/texlive/texmf-dist/tex/latex/l3kernel/l3candidates.sty
Package: l3candidates 2013/07/09 v4521 L3 Experimental additions to l3kernel
\l__box_top_dim=\dimen135
\l__box_bottom_dim=\dimen136
\l__box_left_dim=\dimen137
\l__box_right_dim=\dimen138
\l__box_top_new_dim=\dimen139
\l__box_bottom_new_dim=\dimen140
\l__box_left_new_dim=\dimen141
\l__box_right_new_dim=\dimen142
\l__box_internal_box=\box43
\l__coffin_bounding_shift_dim=\dimen143
\l__coffin_left_corner_dim=\dimen144
\l__coffin_right_corner_dim=\dimen145
\l__coffin_bottom_corner_dim=\dimen146
\l__coffin_top_corner_dim=\dimen147
\l__coffin_scaled_total_height_dim=\dimen148
\l__coffin_scaled_width_dim=\dimen149
))
(/usr/share/texlive/texmf-dist/tex/latex/l3packages/xparse/xparse.sty
Package: xparse 2013/07/12 v4544 L3 Experimental document command parser
\l__xparse_current_arg_int=\count133
\l__xparse_m_args_int=\count134
\l__xparse_mandatory_args_int=\count135
\l__xparse_processor_int=\count136
\l__xparse_v_nesting_int=\count137
)
\l_fontspec_script_int=\count138
\l_fontspec_language_int=\count139
\l_fontspec_strnum_int=\count140
\l_fontspec_tmpa_dim=\dimen150
\l_fontspec_tmpb_dim=\dimen151
\l_fontspec_tmpc_dim=\dimen152
Variant \tl_gset:cV already defined; not changing it on line 69

(/usr/share/texlive/texmf-dist/tex/latex/fontspec/fontspec-patches.sty
Package: fontspec-patches 2013/05/20 v2.3c Font selection for XeLaTeX and LuaLa
TeX

(/usr/share/texlive/texmf-dist/tex/latex/base/fixltx2e.sty
Package: fixltx2e 2006/09/13 v1.1m fixes to LaTeX
LaTeX Info: Redefining \em on input line 420.
LaTeX Info: Redefining \textsubscript on input line 424.
)
LaTeX Info: Redefining \em on input line 22.
LaTeX Info: Redefining \emph on input line 30.
LaTeX Info: Redefining \- on input line 33.

*************************************************
* LaTeX warning: "xparse/redefine-command"
* 
* Redefining document command \oldstylenums with arg. spec. 'm' on line 128.
*************************************************
.................................................
. LaTeX info: "xparse/define-command"
. 
. Defining document command \liningnums with arg. spec. 'm' on line 132.
.................................................
) (/usr/share/texlive/texmf-dist/tex/latex/fontspec/fontspec-xetex.sty
Package: fontspec-xetex 2013/05/20 v2.3c Font selection for XeLaTeX and LuaLaTe
X

(/usr/share/texlive/texmf-dist/tex/latex/base/fontenc.sty
Package: fontenc 2005/09/27 v1.99g Standard LaTeX package

(/usr/share/texlive/texmf-dist/tex/latex/euenc/eu1enc.def
File: eu1enc.def 2010/05/27 v0.1h Experimental Unicode font encodings
)
LaTeX Font Info:    Try loading font information for EU1+lmr on input line 100.


(/usr/share/texlive/texmf-dist/tex/latex/euenc/eu1lmr.fd
File: eu1lmr.fd 2009/10/30 v1.6 Font defs for Latin Modern
))
.................................................
. LaTeX info: "xparse/define-command"
. 
. Defining document command \fontspec with arg. spec. 'O{}m' on line 41.
.................................................
.................................................
. LaTeX info: "xparse/define-command"
. 
. Defining document command \setmainfont with arg. spec. 'O{}m' on line 46.
.................................................
.................................................
. LaTeX info: "xparse/define-command"
. 
. Defining document command \setsansfont with arg. spec. 'O{}m' on line 51.
.................................................
.................................................
. LaTeX info: "xparse/define-command"
. 
. Defining document command \setmonofont with arg. spec. 'O{}m' on line 56.
.................................................
.................................................
. LaTeX info: "xparse/define-command"
. 
. Defining document command \setmathrm with arg. spec. 'O{}m' on line 65.
.................................................
.................................................
. LaTeX info: "xparse/define-command"
. 
. Defining document command \setboldmathrm with arg. spec. 'O{}m' on line 69.
.................................................
.................................................
. LaTeX info: "xparse/define-command"
. 
. Defining document command \setmathsf with arg. spec. 'O{}m' on line 73.
.................................................
.................................................
. LaTeX info: "xparse/define-command"
. 
. Defining document command \setmathtt with arg. spec. 'O{}m' on line 77.
.................................................
.................................................
. LaTeX info: "xparse/define-command"
. 
. Defining document command \newfontfamily with arg. spec. 'mO{}m' on line 96.
.................................................
.................................................
. LaTeX info: "xparse/define-command"
. 
. Defining document command \newfontface with arg. spec. 'mO{}m' on line 100.
.................................................
.................................................
. LaTeX info: "xparse/define-command"
. 
. Defining document command \defaultfontfeatures with arg. spec. 'om' on line
. 108.
.................................................
.................................................
. LaTeX info: "xparse/define-command"
. 
. Defining document command \addfontfeatures with arg. spec. 'm' on line 144.
.................................................
.................................................
. LaTeX info: "xparse/define-command"
. 
. Defining document command \newfontfeature with arg. spec. 'mm' on line 156.
.................................................
.................................................
. LaTeX info: "xparse/define-command"
. 
. Defining document command \newAATfeature with arg. spec. 'mmmm' on line 164.
.................................................
.................................................
. LaTeX info: "xparse/define-command"
. 
. Defining document command \newICUfeature with arg. spec. 'mmm' on line 172.
.................................................
.................................................
. LaTeX info: "xparse/define-command"
. 
. Defining document command \aliasfontfeature with arg. spec. 'mm' on line
. 201.
.................................................
.................................................
. LaTeX info: "xparse/define-command"
. 
. Defining document command \aliasfontfeatureoption with arg. spec. 'mmm' on
. line 203.
.................................................
.................................................
. LaTeX info: "xparse/define-command"
. 
. Defining document command \newfontscript with arg. spec. 'mm' on line 208.
.................................................
.................................................
. LaTeX info: "xparse/define-command"
. 
. Defining document command \newfontlanguage with arg. spec. 'mm' on line 235.
.................................................
.................................................
. LaTeX info: "xparse/define-command"
. 
. Defining document command \DeclareFontsExtensions with arg. spec. 'm' on
. line 256.
.................................................
Variant \prop_gput:cnV already defined; not changing it on line 582
Variant \prop_gput:cnx already defined; not changing it on line 583
\l_fontspec_tmp_int=\count141
LaTeX Info: Redefining \itshape on input line 2087.
LaTeX Info: Redefining \slshape on input line 2092.
LaTeX Info: Redefining \scshape on input line 2097.
LaTeX Info: Redefining \upshape on input line 2102.

(/usr/share/texlive/texmf-dist/tex/latex/fontspec/fontspec.cfg)))
(/usr/share/texlive/texmf-dist/tex/latex/realscripts/realscripts.sty
Package: realscripts 2013/03/18 v0.3c Access OpenType subscripts and superscrip
ts
.................................................
. LaTeX info: "xparse/define-command"
. 
. Defining document command \fakesubscript with arg. spec. 'm' on line 19.
.................................................
.................................................
. LaTeX info: "xparse/define-command"
. 
. Defining document command \fakesuperscript with arg. spec. 'm' on line 22.
.................................................

*************************************************
* LaTeX warning: "xparse/redefine-command"
* 
* Redefining document command \textsubscript with arg. spec. 's' on line 25.
*************************************************
*************************************************
* LaTeX warning: "xparse/redefine-command"
* 
* Redefining document command \textsuperscript with arg. spec. 's' on line 28.
*************************************************
.................................................
. LaTeX info: "xparse/define-command"
. 
. Defining document command \realsubscript with arg. spec. 'm' on line 45.
.................................................
.................................................
. LaTeX info: "xparse/define-command"
. 
. Defining document command \realsuperscript with arg. spec. 'm' on line 60.
.................................................
.................................................
. LaTeX info: "xparse/define-command"
. 
. Defining document command \textsubsuperscript with arg. spec. 'sO{l}mm' on
. line 138.
.................................................
.................................................
. LaTeX info: "xparse/define-command"
. 
. Defining document command \textsupersubscript with arg. spec. 'sO{l}mm' on
. line 143.
.................................................
\subsupersep=\dimen153
) (/usr/share/texlive/texmf-dist/tex/latex/metalogo/metalogo.sty
Package: metalogo 2010/05/29 v0.12 Extended TeX logo macros
\xl@everylogo=\toks19
\xl@@everylogo=\toks20
LaTeX Info: Redefining \TeX on input line 193.
LaTeX Info: Redefining \LaTeX on input line 202.
LaTeX Info: Redefining \LaTeXe on input line 219.
)
\xxt@tempbox=\box44
)
(/usr/share/texlive/texmf-dist/tex/xetex/zhspacing/generic/zhspacing.sty
(/usr/share/texlive/texmf-dist/tex/xetex/zhspacing/generic/zhsusefulmacros.sty)
Package: zhspacing 2012/03/14
(/usr/share/texlive/texmf-dist/tex/xetex/zhspacing/generic/zhsmyclass.sty
(/usr/share/texlive/texmf-dist/tex/xetex/zhspacing/generic/zhsusefulmacros.sty)
)
\@@interclasstoks@boundary@boundary=\toks21
\@@interclasstoks@halfwidth@boundary=\toks22
\@@interclasstoks@boundary@halfwidth=\toks23
\@@interclasstoks@halfwidth@halfwidth=\toks24
\@@interclasstoks@fullwidth@boundary=\toks25
\@@interclasstoks@boundary@fullwidth=\toks26
\@@interclasstoks@fullwidth@halfwidth=\toks27
\@@interclasstoks@halfwidth@fullwidth=\toks28
\@@interclasstoks@fullwidth@fullwidth=\toks29
\@@interclasstoks@alphanum@boundary=\toks30
\@@interclasstoks@boundary@alphanum=\toks31
\@@interclasstoks@alphanum@halfwidth=\toks32
\@@interclasstoks@halfwidth@alphanum=\toks33
\@@interclasstoks@alphanum@fullwidth=\toks34
\@@interclasstoks@fullwidth@alphanum=\toks35
\@@interclasstoks@alphanum@alphanum=\toks36
\@@interclasstoks@hanzi@boundary=\toks37
\@@interclasstoks@boundary@hanzi=\toks38
\@@interclasstoks@hanzi@halfwidth=\toks39
\@@interclasstoks@halfwidth@hanzi=\toks40
\@@interclasstoks@hanzi@fullwidth=\toks41
\@@interclasstoks@fullwidth@hanzi=\toks42
\@@interclasstoks@hanzi@alphanum=\toks43
\@@interclasstoks@alphanum@hanzi=\toks44
\@@interclasstoks@hanzi@hanzi=\toks45
\@@interclasstoks@openfw@boundary=\toks46
\@@interclasstoks@boundary@openfw=\toks47
\@@interclasstoks@openfw@halfwidth=\toks48
\@@interclasstoks@halfwidth@openfw=\toks49
\@@interclasstoks@openfw@fullwidth=\toks50
\@@interclasstoks@fullwidth@openfw=\toks51
\@@interclasstoks@openfw@alphanum=\toks52
\@@interclasstoks@alphanum@openfw=\toks53
\@@interclasstoks@openfw@hanzi=\toks54
\@@interclasstoks@hanzi@openfw=\toks55
\@@interclasstoks@openfw@openfw=\toks56
\@@interclasstoks@closefw@boundary=\toks57
\@@interclasstoks@boundary@closefw=\toks58
\@@interclasstoks@closefw@halfwidth=\toks59
\@@interclasstoks@halfwidth@closefw=\toks60
\@@interclasstoks@closefw@fullwidth=\toks61
\@@interclasstoks@fullwidth@closefw=\toks62
\@@interclasstoks@closefw@alphanum=\toks63
\@@interclasstoks@alphanum@closefw=\toks64
\@@interclasstoks@closefw@hanzi=\toks65
\@@interclasstoks@hanzi@closefw=\toks66
\@@interclasstoks@closefw@openfw=\toks67
\@@interclasstoks@openfw@closefw=\toks68
\@@interclasstoks@closefw@closefw=\toks69
\@@interclasstoks@halfstop@boundary=\toks70
\@@interclasstoks@boundary@halfstop=\toks71
\@@interclasstoks@halfstop@halfwidth=\toks72
\@@interclasstoks@halfwidth@halfstop=\toks73
\@@interclasstoks@halfstop@fullwidth=\toks74
\@@interclasstoks@fullwidth@halfstop=\toks75
\@@interclasstoks@halfstop@alphanum=\toks76
\@@interclasstoks@alphanum@halfstop=\toks77
\@@interclasstoks@halfstop@hanzi=\toks78
\@@interclasstoks@hanzi@halfstop=\toks79
\@@interclasstoks@halfstop@openfw=\toks80
\@@interclasstoks@openfw@halfstop=\toks81
\@@interclasstoks@halfstop@closefw=\toks82
\@@interclasstoks@closefw@halfstop=\toks83
\@@interclasstoks@halfstop@halfstop=\toks84
\@@interclasstoks@fullstop@boundary=\toks85
\@@interclasstoks@boundary@fullstop=\toks86
\@@interclasstoks@fullstop@halfwidth=\toks87
\@@interclasstoks@halfwidth@fullstop=\toks88
\@@interclasstoks@fullstop@fullwidth=\toks89
\@@interclasstoks@fullwidth@fullstop=\toks90
\@@interclasstoks@fullstop@alphanum=\toks91
\@@interclasstoks@alphanum@fullstop=\toks92
\@@interclasstoks@fullstop@hanzi=\toks93
\@@interclasstoks@hanzi@fullstop=\toks94
\@@interclasstoks@fullstop@openfw=\toks95
\@@interclasstoks@openfw@fullstop=\toks96
\@@interclasstoks@fullstop@closefw=\toks97
\@@interclasstoks@closefw@fullstop=\toks98
\@@interclasstoks@fullstop@halfstop=\toks99
\@@interclasstoks@halfstop@fullstop=\toks100
\@@interclasstoks@fullstop@fullstop=\toks101
\@@interclasstoks@fwpunct@boundary=\toks102
\@@interclasstoks@boundary@fwpunct=\toks103
\@@interclasstoks@fwpunct@halfwidth=\toks104
\@@interclasstoks@halfwidth@fwpunct=\toks105
\@@interclasstoks@fwpunct@fullwidth=\toks106
\@@interclasstoks@fullwidth@fwpunct=\toks107
\@@interclasstoks@fwpunct@alphanum=\toks108
\@@interclasstoks@alphanum@fwpunct=\toks109
\@@interclasstoks@fwpunct@hanzi=\toks110
\@@interclasstoks@hanzi@fwpunct=\toks111
\@@interclasstoks@fwpunct@openfw=\toks112
\@@interclasstoks@openfw@fwpunct=\toks113
\@@interclasstoks@fwpunct@closefw=\toks114
\@@interclasstoks@closefw@fwpunct=\toks115
\@@interclasstoks@fwpunct@halfstop=\toks116
\@@interclasstoks@halfstop@fwpunct=\toks117
\@@interclasstoks@fwpunct@fullstop=\toks118
\@@interclasstoks@fullstop@fwpunct=\toks119
\@@interclasstoks@fwpunct@fwpunct=\toks120
\@@interclasstoks@cjkexta@boundary=\toks121
\@@interclasstoks@boundary@cjkexta=\toks122
\@@interclasstoks@cjkexta@halfwidth=\toks123
\@@interclasstoks@halfwidth@cjkexta=\toks124
\@@interclasstoks@cjkexta@fullwidth=\toks125
\@@interclasstoks@fullwidth@cjkexta=\toks126
\@@interclasstoks@cjkexta@alphanum=\toks127
\@@interclasstoks@alphanum@cjkexta=\toks128
\@@interclasstoks@cjkexta@hanzi=\toks129
\@@interclasstoks@hanzi@cjkexta=\toks130
\@@interclasstoks@cjkexta@openfw=\toks131
\@@interclasstoks@openfw@cjkexta=\toks132
\@@interclasstoks@cjkexta@closefw=\toks133
\@@interclasstoks@closefw@cjkexta=\toks134
\@@interclasstoks@cjkexta@halfstop=\toks135
\@@interclasstoks@halfstop@cjkexta=\toks136
\@@interclasstoks@cjkexta@fullstop=\toks137
\@@interclasstoks@fullstop@cjkexta=\toks138
\@@interclasstoks@cjkexta@fwpunct=\toks139
\@@interclasstoks@fwpunct@cjkexta=\toks140
\@@interclasstoks@cjkexta@cjkexta=\toks141
\@@interclasstoks@cjkextb@boundary=\toks142
\@@interclasstoks@boundary@cjkextb=\toks143
\@@interclasstoks@cjkextb@halfwidth=\toks144
\@@interclasstoks@halfwidth@cjkextb=\toks145
\@@interclasstoks@cjkextb@fullwidth=\toks146
\@@interclasstoks@fullwidth@cjkextb=\toks147
\@@interclasstoks@cjkextb@alphanum=\toks148
\@@interclasstoks@alphanum@cjkextb=\toks149
\@@interclasstoks@cjkextb@hanzi=\toks150
\@@interclasstoks@hanzi@cjkextb=\toks151
\@@interclasstoks@cjkextb@openfw=\toks152
\@@interclasstoks@openfw@cjkextb=\toks153
\@@interclasstoks@cjkextb@closefw=\toks154
\@@interclasstoks@closefw@cjkextb=\toks155
\@@interclasstoks@cjkextb@halfstop=\toks156
\@@interclasstoks@halfstop@cjkextb=\toks157
\@@interclasstoks@cjkextb@fullstop=\toks158
\@@interclasstoks@fullstop@cjkextb=\toks159
\@@interclasstoks@cjkextb@fwpunct=\toks160
\@@interclasstoks@fwpunct@cjkextb=\toks161
\@@interclasstoks@cjkextb@cjkexta=\toks162
\@@interclasstoks@cjkexta@cjkextb=\toks163
\@@interclasstoks@cjkextb@cjkextb=\toks164
\n=\count142
\@@interclasstoks@longpunct@boundary=\toks165
\@@interclasstoks@boundary@longpunct=\toks166
\@@interclasstoks@longpunct@halfwidth=\toks167
\@@interclasstoks@halfwidth@longpunct=\toks168
\@@interclasstoks@longpunct@fullwidth=\toks169
\@@interclasstoks@fullwidth@longpunct=\toks170
\@@interclasstoks@longpunct@alphanum=\toks171
\@@interclasstoks@alphanum@longpunct=\toks172
\@@interclasstoks@longpunct@hanzi=\toks173
\@@interclasstoks@hanzi@longpunct=\toks174
\@@interclasstoks@longpunct@openfw=\toks175
\@@interclasstoks@openfw@longpunct=\toks176
\@@interclasstoks@longpunct@closefw=\toks177
\@@interclasstoks@closefw@longpunct=\toks178
\@@interclasstoks@longpunct@halfstop=\toks179
\@@interclasstoks@halfstop@longpunct=\toks180
\@@interclasstoks@longpunct@fullstop=\toks181
\@@interclasstoks@fullstop@longpunct=\toks182
\@@interclasstoks@longpunct@fwpunct=\toks183
\@@interclasstoks@fwpunct@longpunct=\toks184
\@@interclasstoks@longpunct@cjkexta=\toks185
\@@interclasstoks@cjkexta@longpunct=\toks186
\@@interclasstoks@longpunct@cjkextb=\toks187
\@@interclasstoks@cjkextb@longpunct=\toks188
\@@interclasstoks@longpunct@longpunct=\toks189
\@@interclasstoks@hwpunct@boundary=\toks190
\@@interclasstoks@boundary@hwpunct=\toks191
\@@interclasstoks@hwpunct@halfwidth=\toks192
\@@interclasstoks@halfwidth@hwpunct=\toks193
\@@interclasstoks@hwpunct@fullwidth=\toks194
\@@interclasstoks@fullwidth@hwpunct=\toks195
\@@interclasstoks@hwpunct@alphanum=\toks196
\@@interclasstoks@alphanum@hwpunct=\toks197
\@@interclasstoks@hwpunct@hanzi=\toks198
\@@interclasstoks@hanzi@hwpunct=\toks199
\@@interclasstoks@hwpunct@openfw=\toks200
\@@interclasstoks@openfw@hwpunct=\toks201
\@@interclasstoks@hwpunct@closefw=\toks202
\@@interclasstoks@closefw@hwpunct=\toks203
\@@interclasstoks@hwpunct@halfstop=\toks204
\@@interclasstoks@halfstop@hwpunct=\toks205
\@@interclasstoks@hwpunct@fullstop=\toks206
\@@interclasstoks@fullstop@hwpunct=\toks207
\@@interclasstoks@hwpunct@fwpunct=\toks208
\@@interclasstoks@fwpunct@hwpunct=\toks209
\@@interclasstoks@hwpunct@cjkexta=\toks210
\@@interclasstoks@cjkexta@hwpunct=\toks211
\@@interclasstoks@hwpunct@cjkextb=\toks212
\@@interclasstoks@cjkextb@hwpunct=\toks213
\@@interclasstoks@hwpunct@longpunct=\toks214
\@@interclasstoks@longpunct@hwpunct=\toks215
\@@interclasstoks@hwpunct@hwpunct=\toks216
\g__file_internal_ior=\read1
.................................................
. fontspec info: "no-scripts"
. 
. Font SimSun does not contain any OpenType `Script' information.
.................................................
\g_fontspec_family_SimSun_int=\count143
.................................................
. fontspec info: "no-font-shape"
. 
. Could not resolve font SimSun/I (it probably doesn't exist).
.................................................
.................................................
. fontspec info: "no-font-shape"
. 
. Could not resolve font SimHei/I (it probably doesn't exist).
.................................................
.................................................
. fontspec info: "defining-font"
. 
. Font family 'SimSun(0)' created for font 'SimSun' with options
. [BoldFont=SimHei].
. 
. This font family consists of the following shapes:
. 
. * 'normal' with NFSS spec.:
. <->"SimSun/ICU:"
. 
. * 'bold' with NFSS spec.:
. <->"SimHei/ICU:"
.................................................
.................................................
. fontspec info: "no-scripts"
. 
. Font SimSun does not contain any OpenType `Script' information.
.................................................
.................................................
. fontspec info: "no-font-shape"
. 
. Could not resolve font SimSun/B (it probably doesn't exist).
.................................................
.................................................
. fontspec info: "no-font-shape"
. 
. Could not resolve font SimSun/I (it probably doesn't exist).
.................................................
.................................................
. fontspec info: "no-font-shape"
. 
. Could not resolve font SimSun/BI (it probably doesn't exist).
.................................................
.................................................
. fontspec info: "defining-font"
. 
. Font family 'SimSun(1)' created for font 'SimSun' with options [].
. 
. This font family consists of the following shapes:
. 
. * 'normal' with NFSS spec.:
. <->"SimSun/ICU:"
.................................................
\zhs@tmpcnt=\count144
) (/usr/share/texlive/texmf-dist/tex/xetex/zhspacing/latex/zhfont.sty
Package: zhfont 2008/01/02

(/usr/share/texlive/texmf-dist/tex/xetex/zhspacing/latex/zhulem.sty
Package: zhulem 2007/08/22 0.4

(/usr/share/texlive/texmf-dist/tex/generic/ulem/ulem.sty
\UL@box=\box45
\UL@hyphenbox=\box46
\UL@skip=\skip53
\UL@hook=\toks217
\UL@height=\dimen154
\UL@pe=\count145
\UL@pixel=\dimen155
\ULC@box=\box47
Package: ulem 2012/05/18
\ULdepth=\dimen156
))
.................................................
. fontspec info: "no-scripts"
. 
. Font SimSun does not contain any OpenType `Script' information.
.................................................
.................................................
. fontspec info: "defining-font"
. 
. Font family 'SimSun(2)' created for font 'SimSun' with options
. [BoldFont=SimHei,ItalicFont=SimSun,ItalicFeatures={RawFeature={slant=0.17}},B
oldItalicFont=SimHei,BoldItalicFeatures={RawFeature={slant=0.17}}].
. 
. This font family consists of the following shapes:
. 
. * 'normal' with NFSS spec.:
. <->"SimSun/ICU:"
. 
. * 'bold' with NFSS spec.:
. <->"SimHei/ICU:"
. 
. * 'italic' with NFSS spec.:
. <->"SimSun/ICU:slant=0.17;"
. 
. * 'bold italic' with NFSS spec.:
. <->"SimHei/ICU:slant=0.17;"
.................................................
.................................................
. fontspec info: "no-scripts"
. 
. Font SimHei does not contain any OpenType `Script' information.
.................................................
\g_fontspec_family_SimHei_int=\count146
.................................................
. fontspec info: "no-font-shape"
. 
. Could not resolve font SimHei/B (it probably doesn't exist).
.................................................
.................................................
. fontspec info: "defining-font"
. 
. Font family 'SimHei(0)' created for font 'SimHei' with options
. [ItalicFont=SimHei,ItalicFeatures={RawFeature={slant=0.17}},BoldItalicFont=Si
mHei,BoldItalicFeatures={RawFeature={slant=0.17}}].
. 
. This font family consists of the following shapes:
. 
. * 'normal' with NFSS spec.:
. <->"SimHei/ICU:"
. 
. * 'italic' with NFSS spec.:
. <->"SimHei/ICU:slant=0.17;"
. 
. * 'bold italic' with NFSS spec.:
. <->"SimHei/ICU:slant=0.17;"
.................................................


!!!!!!!!!!!!!!!!!!!!!!!!!!!!!!!!!!!!!!!!!!!!!!!!
!
! fontspec error: "font-not-found"
! 
! The font "simfang.ttf" cannot be found.
! 
! See the fontspec documentation for further information.
! 
! For immediate help type H <return>.
!...............................................  
                                                  
l.70 ...tandbold\zhttfont{simfang.ttf}{simkai.ttf}
                                                  
|'''''''''''''''''''''''''''''''''''''''''''''''
| A font might not be found for many reasons.
| Check the spelling, where the font is installed etc. etc.
| 
| When in doubt, ask someone for help!
|...............................................

.................................................
. fontspec info: "no-scripts"
. 
. Font simfang.ttf does not contain any OpenType `Script' information.
.................................................
\g_fontspec_family_simfang.ttf_int=\count147

!!!!!!!!!!!!!!!!!!!!!!!!!!!!!!!!!!!!!!!!!!!!!!!!
!
! fontspec error: "font-not-found"
! 
! The font "simfang.ttf" cannot be found.
! 
! See the fontspec documentation for further information.
! 
! For immediate help type H <return>.
!...............................................  
                                                  
l.70 ...tandbold\zhttfont{simfang.ttf}{simkai.ttf}
                                                  
|'''''''''''''''''''''''''''''''''''''''''''''''
| A font might not be found for many reasons.
| Check the spelling, where the font is installed etc. etc.
| 
| When in doubt, ask someone for help!
|...............................................


!!!!!!!!!!!!!!!!!!!!!!!!!!!!!!!!!!!!!!!!!!!!!!!!
!
! fontspec error: "font-not-found"
! 
! The font "simkai.ttf" cannot be found.
! 
! See the fontspec documentation for further information.
! 
! For immediate help type H <return>.
!...............................................  
                                                  
l.70 ...tandbold\zhttfont{simfang.ttf}{simkai.ttf}
                                                  
|'''''''''''''''''''''''''''''''''''''''''''''''
| A font might not be found for many reasons.
| Check the spelling, where the font is installed etc. etc.
| 
| When in doubt, ask someone for help!
|...............................................


!!!!!!!!!!!!!!!!!!!!!!!!!!!!!!!!!!!!!!!!!!!!!!!!
!
! fontspec error: "font-not-found"
! 
! The font "simfang.ttf" cannot be found.
! 
! See the fontspec documentation for further information.
! 
! For immediate help type H <return>.
!...............................................  
                                                  
l.70 ...tandbold\zhttfont{simfang.ttf}{simkai.ttf}
                                                  
|'''''''''''''''''''''''''''''''''''''''''''''''
| A font might not be found for many reasons.
| Check the spelling, where the font is installed etc. etc.
| 
| When in doubt, ask someone for help!
|...............................................


!!!!!!!!!!!!!!!!!!!!!!!!!!!!!!!!!!!!!!!!!!!!!!!!
!
! fontspec error: "font-not-found"
! 
! The font "simkai.ttf" cannot be found.
! 
! See the fontspec documentation for further information.
! 
! For immediate help type H <return>.
!...............................................  
                                                  
l.70 ...tandbold\zhttfont{simfang.ttf}{simkai.ttf}
                                                  
|'''''''''''''''''''''''''''''''''''''''''''''''
| A font might not be found for many reasons.
| Check the spelling, where the font is installed etc. etc.
| 
| When in doubt, ask someone for help!
|...............................................

.................................................
. fontspec info: "defining-font"
. 
. Font family 'simfang.ttf(0)' created for font 'simfang.ttf' with options
. [BoldFont=simkai.ttf,ItalicFont=simfang.ttf,ItalicFeatures={RawFeature={slant
=0.17}},BoldItalicFont=simkai.ttf,BoldItalicFeatures={RawFeature={slant=0.17}}]
.
. 
. This font family consists of the following shapes:
. 
. * 'normal' with NFSS spec.:
. <->"[simfang.ttf]/ICU:"
. 
. * 'bold' with NFSS spec.:
. <->"[simkai.ttf]/ICU:"
. 
. * 'italic' with NFSS spec.:
. <->"[simfang.ttf]/ICU:slant=0.17;"
. 
. * 'bold italic' with NFSS spec.:
. <->"[simkai.ttf]/ICU:slant=0.17;"
.................................................
\underdot@skip=\skip54
)
\g_fontspec_family_Adobe Song Std_int=\count148
.................................................
. fontspec info: "no-font-shape"
. 
. Could not resolve font Adobe Song Std/B (it probably doesn't exist).
.................................................
.................................................
. fontspec info: "no-font-shape"
. 
. Could not resolve font Adobe Song Std/I (it probably doesn't exist).
.................................................
.................................................
. fontspec info: "no-font-shape"
. 
. Could not resolve font Adobe Song Std/BI (it probably doesn't exist).
.................................................
.................................................
. fontspec info: "defining-font"
. 
. Font family 'AdobeSongStd(0)' created for font 'Adobe Song Std' with options
. [RawFeature={vertical:+vert:+vhal}].
. 
. This font family consists of the following shapes:
. 
. * 'normal' with NFSS spec.:
. <->"Adobe Song Std/ICU:script=latn;language=DFLT;vertical:+vert:+vhal;"
.................................................
LaTeX Info: Redefining \zhpunctfont on input line 12.
.................................................
. fontspec info: "no-font-shape"
. 
. Could not resolve font Adobe Song Std/B (it probably doesn't exist).
.................................................
.................................................
. fontspec info: "no-font-shape"
. 
. Could not resolve font Adobe Song Std/I (it probably doesn't exist).
.................................................
.................................................
. fontspec info: "no-font-shape"
. 
. Could not resolve font Adobe Song Std/BI (it probably doesn't exist).
.................................................
.................................................
. fontspec info: "defining-font"
. 
. Font family 'AdobeSongStd(1)' created for font 'Adobe Song Std' with options
. [RawFeature={vertical:}].
. 
. This font family consists of the following shapes:
. 
. * 'normal' with NFSS spec.:
. <->"Adobe Song Std/ICU:script=latn;language=DFLT;vertical:;"
.................................................
LaTeX Info: Redefining \zhrmfont on input line 13.
 (../config/headcommon.tex
\@fillparboxlen=\skip55
)
No file spine.aux.
\openout1 = `spine.aux'.

LaTeX Font Info:    Checking defaults for OML/cmm/m/it on input line 21.
LaTeX Font Info:    ... okay on input line 21.
LaTeX Font Info:    Checking defaults for T1/cmr/m/n on input line 21.
LaTeX Font Info:    ... okay on input line 21.
LaTeX Font Info:    Checking defaults for OT1/cmr/m/n on input line 21.
LaTeX Font Info:    ... okay on input line 21.
LaTeX Font Info:    Checking defaults for OMS/cmsy/m/n on input line 21.
LaTeX Font Info:    ... okay on input line 21.
LaTeX Font Info:    Checking defaults for OMX/cmex/m/n on input line 21.
LaTeX Font Info:    ... okay on input line 21.
LaTeX Font Info:    Checking defaults for U/cmr/m/n on input line 21.
LaTeX Font Info:    ... okay on input line 21.
LaTeX Font Info:    Checking defaults for PD1/pdf/m/n on input line 21.
LaTeX Font Info:    ... okay on input line 21.
LaTeX Font Info:    Checking defaults for PU/pdf/m/n on input line 21.
LaTeX Font Info:    ... okay on input line 21.
LaTeX Font Info:    Checking defaults for T3/cmr/m/n on input line 21.
LaTeX Font Info:    Try loading font information for T3+cmr on input line 21.
(/usr/share/texmf/tex/latex/tipa/t3cmr.fd
File: t3cmr.fd 2001/12/31 TIPA font definitions
)
LaTeX Font Info:    ... okay on input line 21.
LaTeX Font Info:    Checking defaults for EU1/lmr/m/n on input line 21.
LaTeX Font Info:    ... okay on input line 21.

*geometry* driver: auto-detecting
*geometry* detected driver: xetex
*geometry* verbose mode - [ preamble ] result:
* driver: xetex
* paper: custom
* layout: <same size as paper>
* layoutoffset:(h,v)=(0.0pt,0.0pt)
* modes: 
* h-part:(L,W,R)=(0.0pt, 625.96062pt, 0.0pt)
* v-part:(T,H,B)=(101.40665pt, 591.53014pt, 152.10997pt)
* \paperwidth=625.96062pt
* \paperheight=845.04675pt
* \textwidth=625.96062pt
* \textheight=591.53014pt
* \oddsidemargin=-72.26999pt
* \evensidemargin=-72.26999pt
* \topmargin=-7.86334pt
* \headheight=12.0pt
* \headsep=25.0pt
* \topskip=10.0pt
* \footskip=30.0pt
* \marginparwidth=65.0pt
* \marginparsep=11.0pt
* \columnsep=10.0pt
* \skip\footins=9.0pt plus 4.0pt minus 2.0pt
* \hoffset=0.0pt
* \voffset=0.0pt
* \mag=1000
* \@twocolumnfalse
* \@twosidefalse
* \@mparswitchfalse
* \@reversemarginfalse
* (1in=72.27pt=25.4mm, 1cm=28.453pt)

\AtBeginShipoutBox=\box48
Package hyperref Info: Link coloring OFF on input line 21.
(/usr/share/texlive/texmf-dist/tex/latex/hyperref/nameref.sty
Package: nameref 2012/10/27 v2.43 Cross-referencing by name of section

(/usr/share/texlive/texmf-dist/tex/generic/oberdiek/gettitlestring.sty
Package: gettitlestring 2010/12/03 v1.4 Cleanup title references (HO)
)
\c@section@level=\count149
)
LaTeX Info: Redefining \ref on input line 21.
LaTeX Info: Redefining \pageref on input line 21.
LaTeX Info: Redefining \nameref on input line 21.
\@outlinefile=\write3
\openout3 = `spine.out'.



Package hyperref Warning: Rerun to get /PageLabels entry.

.................................................
. fontspec info: "setup-math"
. 
. Adjusting the maths setup (use [no-math] to avoid this).
.................................................
\symlegacymaths=\mathgroup4
LaTeX Font Info:    Overwriting symbol font `legacymaths' in version `bold'
(Font)                  OT1/cmr/m/n --> OT1/cmr/bx/n on input line 21.
LaTeX Font Info:    Redeclaring math accent \acute on input line 21.
LaTeX Font Info:    Redeclaring math accent \grave on input line 21.
LaTeX Font Info:    Redeclaring math accent \ddot on input line 21.
LaTeX Font Info:    Redeclaring math accent \tilde on input line 21.
LaTeX Font Info:    Redeclaring math accent \bar on input line 21.
LaTeX Font Info:    Redeclaring math accent \breve on input line 21.
LaTeX Font Info:    Redeclaring math accent \check on input line 21.
LaTeX Font Info:    Redeclaring math accent \hat on input line 21.
LaTeX Font Info:    Redeclaring math accent \dot on input line 21.
LaTeX Font Info:    Redeclaring math accent \mathring on input line 21.
LaTeX Font Info:    Redeclaring math symbol \colon on input line 21.
LaTeX Font Info:    Redeclaring math symbol \Gamma on input line 21.
LaTeX Font Info:    Redeclaring math symbol \Delta on input line 21.
LaTeX Font Info:    Redeclaring math symbol \Theta on input line 21.
LaTeX Font Info:    Redeclaring math symbol \Lambda on input line 21.
LaTeX Font Info:    Redeclaring math symbol \Xi on input line 21.
LaTeX Font Info:    Redeclaring math symbol \Pi on input line 21.
LaTeX Font Info:    Redeclaring math symbol \Sigma on input line 21.
LaTeX Font Info:    Redeclaring math symbol \Upsilon on input line 21.
LaTeX Font Info:    Redeclaring math symbol \Phi on input line 21.
LaTeX Font Info:    Redeclaring math symbol \Psi on input line 21.
LaTeX Font Info:    Redeclaring math symbol \Omega on input line 21.
LaTeX Font Info:    Redeclaring math symbol \mathdollar on input line 21.
LaTeX Font Info:    Redeclaring symbol font `operators' on input line 21.
LaTeX Font Info:    Encoding `OT1' has changed to `EU1' for symbol font
(Font)              `operators' in the math version `normal' on input line 21.
LaTeX Font Info:    Overwriting symbol font `operators' in version `normal'
(Font)                  OT1/cmr/m/n --> EU1/lmr/m/n on input line 21.
LaTeX Font Info:    Encoding `OT1' has changed to `EU1' for symbol font
(Font)              `operators' in the math version `bold' on input line 21.
LaTeX Font Info:    Overwriting symbol font `operators' in version `bold'
(Font)                  OT1/cmr/bx/n --> EU1/lmr/m/n on input line 21.
LaTeX Font Info:    Overwriting symbol font `operators' in version `normal'
(Font)                  EU1/lmr/m/n --> EU1/lmr/m/n on input line 21.
LaTeX Font Info:    Overwriting math alphabet `\mathrm' in version `normal'
(Font)                  EU1/lmr/m/n --> EU1/lmr/m/n on input line 21.
LaTeX Font Info:    Overwriting math alphabet `\mathit' in version `normal'
(Font)                  OT1/cmr/m/it --> EU1/lmr/m/it on input line 21.
LaTeX Font Info:    Overwriting math alphabet `\mathbf' in version `normal'
(Font)                  OT1/cmr/bx/n --> EU1/lmr/bx/n on input line 21.
LaTeX Font Info:    Overwriting math alphabet `\mathsf' in version `normal'
(Font)                  OT1/cmss/m/n --> EU1/lmss/m/n on input line 21.
LaTeX Font Info:    Overwriting math alphabet `\mathtt' in version `normal'
(Font)                  OT1/cmtt/m/n --> EU1/lmtt/m/n on input line 21.
LaTeX Font Info:    Overwriting symbol font `operators' in version `bold'
(Font)                  EU1/lmr/m/n --> EU1/lmr/bx/n on input line 21.
LaTeX Font Info:    Overwriting math alphabet `\mathrm' in version `bold'
(Font)                  EU1/lmr/m/n --> EU1/lmr/bx/n on input line 21.
LaTeX Font Info:    Overwriting math alphabet `\mathit' in version `bold'
(Font)                  OT1/cmr/bx/it --> EU1/lmr/bx/it on input line 21.
LaTeX Font Info:    Overwriting math alphabet `\mathsf' in version `bold'
(Font)                  OT1/cmss/bx/n --> EU1/lmss/bx/n on input line 21.
LaTeX Font Info:    Overwriting math alphabet `\mathtt' in version `bold'
(Font)                  OT1/cmtt/m/n --> EU1/lmtt/bx/n on input line 21.
(../author.tex
(/usr/share/texlive/texmf-dist/tex/generic/oberdiek/se-ascii-print.def
File: se-ascii-print.def 2011/12/02 v1.10 stringenc: Printable ASCII characters

))
zhspacing installed.
Unknown feature `' in font `Adobe Song Std L'.
Package atveryend Info: Empty hook `BeforeClearDocument' on input line 46.
[1

]
Package atveryend Info: Empty hook `AfterLastShipout' on input line 46.
 (./spine.aux)
Package atveryend Info: Empty hook `AtVeryEndDocument' on input line 46.
Package atveryend Info: Empty hook `AtEndAfterFileList' on input line 46.
Package atveryend Info: Empty hook `AtVeryVeryEnd' on input line 46.
 ) 
Here is how much of TeX's memory you used:
 22889 strings out of 493934
 439307 string characters out of 6150767
 1240601 words of memory out of 5000000
 25982 multiletter control sequences out of 15000+600000
 5490 words of font info for 29 fonts, out of 8000000 for 9000
 1144 hyphenation exceptions out of 8191
 43i,6n,39p,622b,327s stack positions out of 5000i,500n,10000p,200000b,80000s

Output written on spine.pdf (1 page).
