\BOOKMARK [0][-]{section*.1}{摘要}{}% 1
\BOOKMARK [0][-]{section*.2}{英文摘要}{}% 2
\BOOKMARK [0][-]{section*.3}{目录}{}% 3
\BOOKMARK [0][-]{section*.4}{英文目录}{}% 4
\BOOKMARK [0][-]{section*.4}{插图目录}{}% 5
\BOOKMARK [0][-]{section*.4}{表格目录}{}% 6
\BOOKMARK [0][-]{section*.4}{术语表}{}% 7
\BOOKMARK [0][-]{chapter.1}{绪论}{}% 8
\BOOKMARK [1][-]{section.1.1}{研究背景与研究动机}{chapter.1}% 9
\BOOKMARK [1][-]{section.1.2}{研究目的及意义}{chapter.1}% 10
\BOOKMARK [1][-]{section.1.3}{研究框架}{chapter.1}% 11
\BOOKMARK [0][-]{chapter.2}{文献综述}{}% 12
\BOOKMARK [1][-]{section.2.1}{利率期限结构：理论与模型}{chapter.2}% 13
\BOOKMARK [2][-]{subsection.2.1.1}{基本概念介绍}{section.2.1}% 14
\BOOKMARK [2][-]{subsection.2.1.2}{利率期限结构的基本问题}{section.2.1}% 15
\BOOKMARK [2][-]{subsection.2.1.3}{利率期限结构的理论与模型}{section.2.1}% 16
\BOOKMARK [2][-]{subsection.2.1.4}{利率期限结构的实证分析}{section.2.1}% 17
\BOOKMARK [1][-]{section.2.2}{动态 Nelson-Siegel 利率期限结构模型}{chapter.2}% 18
\BOOKMARK [2][-]{subsection.2.2.1}{影响因子的经济解释}{section.2.2}% 19
\BOOKMARK [2][-]{subsection.2.2.2}{模型估计与预测}{section.2.2}% 20
\BOOKMARK [1][-]{section.2.3}{人口年龄结构变动与期限结构}{chapter.2}% 21
\BOOKMARK [0][-]{chapter.3}{03}{}% 22
\BOOKMARK [0][-]{section*.10}{参考文献}{}% 23
\BOOKMARK [0][-]{section*.11}{硕士期间发表的论文}{}% 24
\BOOKMARK [0][-]{section*.12}{致谢}{}% 25
